<?xml version="1.0" encoding="UTF-8"?>
<testsuite name="Eliminar empleados" tests="1" skipped="0" failures="0" errors="0" timestamp="2023-08-09T23:49:53" hostname="DESKTOP-BFKMOKF" time="3.141">
  <properties/>
  <testcase name="Eliminar empleado exitosamente" classname="Eliminar empleados" time="3.141"/>
  <system-out><![CDATA[https://dummy.restapiexample.com/api/v1/delete/24
{
    "status": "success",
    "data": "24",
    "message": "Successfully! Record has been deleted"
}
{
    "status": "success",
    "data": "24",
    "message": "Successfully! Record has been deleted"
}
status code: 200
]]></system-out>
  <system-err><![CDATA[[Test worker] INFO net.thucydides.core.steps.ConsoleLoggingListener - 
        __    _____ _____ ____ _____   ____   _    ____  ____  _____ ____  
  _     \ \  |_   _| ____/ ___|_   _| |  _ \ / \  / ___|/ ___|| ____|  _ \ 
 (_)_____| |   | | |  _| \___ \ | |   | |_) / _ \ \___ \\___ \|  _| | | | |
  _|_____| |   | | | |___ ___) || |   |  __/ ___ \ ___) |___) | |___| |_| |
 (_)     | |   |_| |_____|____/ |_|   |_| /_/   \_\____/|____/|_____|____/ 
        /_/                                                                

TEST PASSED: Eliminar empleado exitosamente
----------------------------------------------------------------------------
]]></system-err>
</testsuite>
